TN:
SF:C:\Users\David\desktop\quickcredit\server\app.js
FN:15,(anonymous_0)
FN:21,(anonymous_1)
FN:28,(anonymous_2)
FNF:3
FNH:0
FNDA:0,(anonymous_0)
FNDA:0,(anonymous_1)
FNDA:0,(anonymous_2)
DA:5,1
DA:8,1
DA:9,1
DA:12,1
DA:15,1
DA:21,1
DA:28,1
DA:29,0
DA:32,1
LF:9
LH:8
BRDA:28,0,0,1
BRDA:28,0,1,1
BRF:2
BRH:2
end_of_record
TN:
SF:C:\Users\David\desktop\quickcredit\server\api-routes\user-routes.js
FN:8,(anonymous_0)
FNF:1
FNH:0
FNDA:0,(anonymous_0)
DA:6,1
DA:8,1
DA:14,1
DA:16,1
DA:18,1
DA:20,1
DA:28,1
DA:31,1
DA:34,1
DA:37,1
DA:40,1
DA:42,1
LF:12
LH:12
BRF:0
BRH:0
end_of_record
TN:
SF:C:\Users\David\desktop\quickcredit\server\authentication\auth.js
FN:9,(anonymous_0)
FN:13,(anonymous_1)
FN:19,(anonymous_2)
FN:25,(anonymous_3)
FN:29,(anonymous_4)
FN:50,(anonymous_5)
FNF:6
FNH:0
FNDA:0,(anonymous_0)
FNDA:0,(anonymous_1)
FNDA:0,(anonymous_2)
FNDA:0,(anonymous_3)
FNDA:0,(anonymous_4)
FNDA:0,(anonymous_5)
DA:5,1
DA:6,1
DA:10,0
DA:14,0
DA:20,0
DA:26,0
DA:30,0
DA:31,0
DA:32,0
DA:33,0
DA:34,0
DA:40,0
DA:42,0
DA:51,0
DA:52,0
DA:53,0
DA:54,0
DA:56,0
DA:57,0
DA:63,0
DA:65,0
DA:75,1
LF:22
LH:3
BRDA:33,0,0,0
BRDA:33,0,1,0
BRDA:56,1,0,0
BRDA:56,1,1,0
BRF:4
BRH:0
end_of_record
TN:
SF:C:\Users\David\desktop\quickcredit\server\controllers\adminHandler.js
FN:7,(anonymous_0)
FN:10,(anonymous_1)
FN:25,(anonymous_2)
FN:29,(anonymous_3)
FN:44,(anonymous_4)
FN:46,(anonymous_5)
FN:55,(anonymous_6)
FN:89,(anonymous_7)
FN:98,(anonymous_8)
FNF:9
FNH:0
FNDA:0,(anonymous_0)
FNDA:0,(anonymous_1)
FNDA:0,(anonymous_2)
FNDA:0,(anonymous_3)
FNDA:0,(anonymous_4)
FNDA:0,(anonymous_5)
FNDA:0,(anonymous_6)
FNDA:0,(anonymous_7)
FNDA:0,(anonymous_8)
DA:8,0
DA:10,0
DA:13,0
DA:14,0
DA:19,0
DA:26,0
DA:27,0
DA:28,0
DA:29,0
DA:31,0
DA:37,0
DA:45,0
DA:46,0
DA:48,0
DA:49,0
DA:55,0
DA:57,0
DA:59,0
DA:60,0
DA:67,0
DA:68,0
DA:76,0
DA:82,0
DA:90,0
DA:91,0
DA:92,0
DA:97,0
DA:98,0
DA:99,0
DA:102,0
DA:103,0
DA:104,0
DA:105,0
DA:106,0
DA:114,0
DA:115,0
DA:122,0
DA:123,0
DA:130,0
DA:131,0
DA:139,0
DA:147,0
DA:153,0
DA:161,1
LF:44
LH:1
BRDA:13,0,0,0
BRDA:13,0,1,0
BRDA:27,1,0,0
BRDA:27,1,1,0
BRDA:27,2,0,0
BRDA:27,2,1,0
BRDA:29,3,0,0
BRDA:29,3,1,0
BRDA:48,4,0,0
BRDA:48,4,1,0
BRDA:57,5,0,0
BRDA:57,5,1,0
BRDA:59,6,0,0
BRDA:59,6,1,0
BRDA:91,7,0,0
BRDA:91,7,1,0
BRDA:102,8,0,0
BRDA:102,8,1,0
BRDA:103,9,0,0
BRDA:103,9,1,0
BRDA:104,10,0,0
BRDA:104,10,1,0
BRDA:122,11,0,0
BRDA:122,11,1,0
BRDA:130,12,0,0
BRDA:130,12,1,0
BRF:26
BRH:0
end_of_record
TN:
SF:C:\Users\David\desktop\quickcredit\server\controllers\userHandler.js
FN:9,(anonymous_0)
FN:28,(anonymous_1)
FN:78,(anonymous_2)
FN:92,(anonymous_3)
FN:135,(anonymous_4)
FN:147,(anonymous_5)
FN:180,(anonymous_6)
FN:191,(anonymous_7)
FN:219,(anonymous_8)
FN:228,(anonymous_9)
FNF:10
FNH:0
FNDA:0,(anonymous_0)
FNDA:0,(anonymous_1)
FNDA:0,(anonymous_2)
FNDA:0,(anonymous_3)
FNDA:0,(anonymous_4)
FNDA:0,(anonymous_5)
FNDA:0,(anonymous_6)
FNDA:0,(anonymous_7)
FNDA:0,(anonymous_8)
FNDA:0,(anonymous_9)
DA:10,0
DA:12,0
DA:13,0
DA:25,0
DA:28,0
DA:29,0
DA:30,0
DA:37,0
DA:38,0
DA:39,0
DA:42,0
DA:49,0
DA:61,0
DA:63,0
DA:79,0
DA:82,0
DA:83,0
DA:84,0
DA:92,0
DA:93,0
DA:99,0
DA:101,0
DA:105,0
DA:106,0
DA:112,0
DA:127,0
DA:136,0
DA:138,0
DA:139,0
DA:140,0
DA:147,0
DA:148,0
DA:154,0
DA:155,0
DA:156,0
DA:157,0
DA:159,0
DA:171,0
DA:173,0
DA:182,0
DA:183,0
DA:184,0
DA:189,0
DA:191,0
DA:192,0
DA:193,0
DA:194,0
DA:209,0
DA:220,0
DA:221,0
DA:222,0
DA:223,0
DA:228,0
DA:229,0
DA:230,0
DA:236,0
DA:245,1
LF:57
LH:1
BRDA:12,0,0,0
BRDA:12,0,1,0
BRDA:29,1,0,0
BRDA:29,1,1,0
BRDA:83,2,0,0
BRDA:83,2,1,0
BRDA:93,3,0,0
BRDA:93,3,1,0
BRDA:105,4,0,0
BRDA:105,4,1,0
BRDA:139,5,0,0
BRDA:139,5,1,0
BRDA:147,6,0,0
BRDA:147,6,1,0
BRDA:183,7,0,0
BRDA:183,7,1,0
BRDA:192,8,0,0
BRDA:192,8,1,0
BRDA:222,9,0,0
BRDA:222,9,1,0
BRDA:229,10,0,0
BRDA:229,10,1,0
BRF:22
BRH:0
end_of_record
TN:
SF:C:\Users\David\desktop\quickcredit\server\middlewares\validation.js
FN:5,(anonymous_0)
FN:29,(anonymous_1)
FN:42,(anonymous_2)
FN:49,(anonymous_3)
FN:75,(anonymous_4)
FN:87,(anonymous_5)
FNF:6
FNH:0
FNDA:0,(anonymous_0)
FNDA:0,(anonymous_1)
FNDA:0,(anonymous_2)
FNDA:0,(anonymous_3)
FNDA:0,(anonymous_4)
FNDA:0,(anonymous_5)
DA:6,0
DA:26,0
DA:30,0
DA:39,0
DA:43,0
DA:46,0
DA:50,0
DA:72,0
DA:76,0
DA:84,0
DA:88,0
DA:92,0
DA:96,1
LF:13
LH:1
BRF:0
BRH:0
end_of_record
TN:
SF:C:\Users\David\desktop\quickcredit\server\models\loanStructure.js
FNF:0
FNH:0
DA:1,1
LF:1
LH:1
BRF:0
BRH:0
end_of_record
TN:
SF:C:\Users\David\desktop\quickcredit\server\models\repaymentStructure.js
FNF:0
FNH:0
DA:1,1
LF:1
LH:1
BRF:0
BRH:0
end_of_record
TN:
SF:C:\Users\David\desktop\quickcredit\server\models\userDataStructure.js
FNF:0
FNH:0
DA:1,1
LF:1
LH:1
BRF:0
BRH:0
end_of_record
