TN:
SF:C:\Users\David\Desktop\QuickCredit\build\app.js
FN:9,_interopRequireDefault
FN:20,(anonymous_1)
FN:27,(anonymous_2)
FN:33,(anonymous_3)
FNF:4
FNH:0
FNDA:0,_interopRequireDefault
FNDA:0,(anonymous_1)
FNDA:0,(anonymous_2)
FNDA:0,(anonymous_3)
DA:3,0
DA:5,0
DA:7,0
DA:9,0
DA:11,0
DA:13,0
DA:14,0
DA:18,0
DA:20,0
DA:21,0
DA:27,0
DA:28,0
DA:33,0
DA:34,0
DA:36,0
LF:15
LH:0
BRDA:9,0,0,0
BRDA:9,0,1,0
BRDA:9,1,0,0
BRDA:9,1,1,0
BRDA:33,2,0,0
BRDA:33,2,1,0
BRF:6
BRH:0
end_of_record
TN:
SF:C:\Users\David\Desktop\QuickCredit\build\api-routes\user-routes.js
FN:11,_interopRequireDefault
FN:15,(anonymous_1)
FNF:2
FNH:0
FNDA:0,_interopRequireDefault
FNDA:0,(anonymous_1)
DA:3,0
DA:5,0
DA:7,0
DA:9,0
DA:11,0
DA:13,0
DA:15,0
DA:16,0
DA:22,0
DA:24,0
DA:26,0
DA:28,0
DA:36,0
DA:38,0
DA:40,0
DA:42,0
DA:44,0
DA:45,0
LF:18
LH:0
BRDA:11,0,0,0
BRDA:11,0,1,0
BRDA:11,1,0,0
BRDA:11,1,1,0
BRF:4
BRH:0
end_of_record
TN:
SF:C:\Users\David\Desktop\QuickCredit\build\authentication\auth.js
FN:9,_interopRequireDefault
FN:11,_classCallCheck
FN:13,_defineProperties
FN:15,_createClass
FN:23,(anonymous_4)
FN:24,Authenticate
FN:30,checkPassword
FN:35,generateToken
FN:44,verifyToken
FN:51,hashPassword
FN:56,adminAuthorize
FN:78,userAuthorize
FNF:12
FNH:0
FNDA:0,_interopRequireDefault
FNDA:0,_classCallCheck
FNDA:0,_defineProperties
FNDA:0,_createClass
FNDA:0,(anonymous_4)
FNDA:0,Authenticate
FNDA:0,checkPassword
FNDA:0,generateToken
FNDA:0,verifyToken
FNDA:0,hashPassword
FNDA:0,adminAuthorize
FNDA:0,userAuthorize
DA:3,0
DA:5,0
DA:7,0
DA:9,0
DA:11,0
DA:13,0
DA:15,0
DA:17,0
DA:19,0
DA:23,0
DA:25,0
DA:28,0
DA:31,0
DA:36,0
DA:45,0
DA:52,0
DA:57,0
DA:58,0
DA:59,0
DA:61,0
DA:62,0
DA:68,0
DA:70,0
DA:79,0
DA:80,0
DA:81,0
DA:82,0
DA:84,0
DA:85,0
DA:91,0
DA:93,0
DA:101,0
DA:104,0
LF:33
LH:0
BRDA:9,0,0,0
BRDA:9,0,1,0
BRDA:9,1,0,0
BRDA:9,1,1,0
BRDA:11,2,0,0
BRDA:11,2,1,0
BRDA:13,3,0,0
BRDA:13,3,1,0
BRDA:13,4,0,0
BRDA:13,4,1,0
BRDA:15,5,0,0
BRDA:15,5,1,0
BRDA:15,6,0,0
BRDA:15,6,1,0
BRDA:61,7,0,0
BRDA:61,7,1,0
BRDA:84,8,0,0
BRDA:84,8,1,0
BRF:18
BRH:0
end_of_record
TN:
SF:C:\Users\David\Desktop\QuickCredit\build\controllers\adminHandler.js
FN:11,_interopRequireDefault
FN:13,_classCallCheck
FN:15,_defineProperties
FN:17,_createClass
FN:21,(anonymous_4)
FN:22,adminHandler
FN:28,getSpecificLoan
FN:31,(anonymous_7)
FN:50,getCurrentLoans
FN:56,(anonymous_9)
FN:73,loanApprovals
FN:76,(anonymous_11)
FN:88,(anonymous_12)
FN:125,postRepayment
FN:138,(anonymous_14)
FNF:15
FNH:0
FNDA:0,_interopRequireDefault
FNDA:0,_classCallCheck
FNDA:0,_defineProperties
FNDA:0,_createClass
FNDA:0,(anonymous_4)
FNDA:0,adminHandler
FNDA:0,getSpecificLoan
FNDA:0,(anonymous_7)
FNDA:0,getCurrentLoans
FNDA:0,(anonymous_9)
FNDA:0,loanApprovals
FNDA:0,(anonymous_11)
FNDA:0,(anonymous_12)
FNDA:0,postRepayment
FNDA:0,(anonymous_14)
DA:3,0
DA:5,0
DA:7,0
DA:9,0
DA:11,0
DA:13,0
DA:15,0
DA:17,0
DA:21,0
DA:23,0
DA:26,0
DA:29,0
DA:31,0
DA:32,0
DA:36,0
DA:37,0
DA:43,0
DA:51,0
DA:52,0
DA:53,0
DA:55,0
DA:56,0
DA:57,0
DA:60,0
DA:66,0
DA:74,0
DA:76,0
DA:77,0
DA:81,0
DA:82,0
DA:88,0
DA:89,0
DA:93,0
DA:95,0
DA:96,0
DA:103,0
DA:104,0
DA:112,0
DA:118,0
DA:126,0
DA:127,0
DA:129,0
DA:130,0
DA:136,0
DA:138,0
DA:139,0
DA:142,0
DA:144,0
DA:145,0
DA:146,0
DA:147,0
DA:148,0
DA:157,0
DA:159,0
DA:165,0
DA:166,0
DA:172,0
DA:173,0
DA:181,0
DA:189,0
DA:195,0
DA:202,0
DA:205,0
LF:63
LH:0
BRDA:11,0,0,0
BRDA:11,0,1,0
BRDA:11,1,0,0
BRDA:11,1,1,0
BRDA:13,2,0,0
BRDA:13,2,1,0
BRDA:15,3,0,0
BRDA:15,3,1,0
BRDA:15,4,0,0
BRDA:15,4,1,0
BRDA:17,5,0,0
BRDA:17,5,1,0
BRDA:17,6,0,0
BRDA:17,6,1,0
BRDA:36,7,0,0
BRDA:36,7,1,0
BRDA:55,8,0,0
BRDA:55,8,1,0
BRDA:55,9,0,0
BRDA:55,9,1,0
BRDA:57,10,0,0
BRDA:57,10,1,0
BRDA:81,11,0,0
BRDA:81,11,1,0
BRDA:93,12,0,0
BRDA:93,12,1,0
BRDA:95,13,0,0
BRDA:95,13,1,0
BRDA:129,14,0,0
BRDA:129,14,1,0
BRDA:144,15,0,0
BRDA:144,15,1,0
BRDA:145,16,0,0
BRDA:145,16,1,0
BRDA:146,17,0,0
BRDA:146,17,1,0
BRDA:165,18,0,0
BRDA:165,18,1,0
BRDA:172,19,0,0
BRDA:172,19,1,0
BRF:40
BRH:0
end_of_record
TN:
SF:C:\Users\David\Desktop\QuickCredit\build\controllers\userHandler.js
FN:13,_interopRequireDefault
FN:15,_classCallCheck
FN:17,_defineProperties
FN:19,_createClass
FN:23,(anonymous_4)
FN:24,userHandler
FN:30,signupHandler
FN:48,(anonymous_7)
FN:101,signinHandler
FN:117,(anonymous_9)
FN:159,applyLoan
FN:176,(anonymous_11)
FN:212,getVerified
FN:225,(anonymous_13)
FN:255,getRepaymentLoans
FN:268,(anonymous_15)
FNF:16
FNH:0
FNDA:0,_interopRequireDefault
FNDA:0,_classCallCheck
FNDA:0,_defineProperties
FNDA:0,_createClass
FNDA:0,(anonymous_4)
FNDA:0,userHandler
FNDA:0,signupHandler
FNDA:0,(anonymous_7)
FNDA:0,signinHandler
FNDA:0,(anonymous_9)
FNDA:0,applyLoan
FNDA:0,(anonymous_11)
FNDA:0,getVerified
FNDA:0,(anonymous_13)
FNDA:0,getRepaymentLoans
FNDA:0,(anonymous_15)
DA:3,0
DA:5,0
DA:7,0
DA:9,0
DA:11,0
DA:13,0
DA:15,0
DA:17,0
DA:19,0
DA:23,0
DA:25,0
DA:28,0
DA:31,0
DA:32,0
DA:34,0
DA:35,0
DA:41,0
DA:42,0
DA:43,0
DA:44,0
DA:45,0
DA:46,0
DA:48,0
DA:49,0
DA:52,0
DA:53,0
DA:60,0
DA:61,0
DA:62,0
DA:64,0
DA:71,0
DA:83,0
DA:85,0
DA:102,0
DA:103,0
DA:104,0
DA:106,0
DA:107,0
DA:109,0
DA:110,0
DA:117,0
DA:118,0
DA:121,0
DA:122,0
DA:123,0
DA:124,0
DA:125,0
DA:127,0
DA:129,0
DA:130,0
DA:136,0
DA:151,0
DA:160,0
DA:161,0
DA:162,0
DA:163,0
DA:165,0
DA:166,0
DA:168,0
DA:169,0
DA:176,0
DA:177,0
DA:179,0
DA:185,0
DA:186,0
DA:187,0
DA:188,0
DA:189,0
DA:202,0
DA:204,0
DA:214,0
DA:215,0
DA:217,0
DA:218,0
DA:223,0
DA:225,0
DA:226,0
DA:229,0
DA:230,0
DA:231,0
DA:245,0
DA:256,0
DA:258,0
DA:259,0
DA:261,0
DA:262,0
DA:268,0
DA:269,0
DA:272,0
DA:273,0
DA:279,0
DA:286,0
DA:289,0
LF:93
LH:0
BRDA:13,0,0,0
BRDA:13,0,1,0
BRDA:13,1,0,0
BRDA:13,1,1,0
BRDA:15,2,0,0
BRDA:15,2,1,0
BRDA:17,3,0,0
BRDA:17,3,1,0
BRDA:17,4,0,0
BRDA:17,4,1,0
BRDA:19,5,0,0
BRDA:19,5,1,0
BRDA:19,6,0,0
BRDA:19,6,1,0
BRDA:34,7,0,0
BRDA:34,7,1,0
BRDA:52,8,0,0
BRDA:52,8,1,0
BRDA:109,9,0,0
BRDA:109,9,1,0
BRDA:121,10,0,0
BRDA:121,10,1,0
BRDA:129,11,0,0
BRDA:129,11,1,0
BRDA:168,12,0,0
BRDA:168,12,1,0
BRDA:176,13,0,0
BRDA:176,13,1,0
BRDA:217,14,0,0
BRDA:217,14,1,0
BRDA:229,15,0,0
BRDA:229,15,1,0
BRDA:261,16,0,0
BRDA:261,16,1,0
BRDA:272,17,0,0
BRDA:272,17,1,0
BRF:36
BRH:0
end_of_record
TN:
SF:C:\Users\David\Desktop\QuickCredit\build\middlewares\validation.js
FN:5,_interopRequireDefault
FN:7,_classCallCheck
FN:9,_defineProperties
FN:11,_createClass
FN:15,(anonymous_4)
FN:16,Validation
FN:23,signupValidation
FN:35,signinValidation
FN:44,validateUserVerify
FN:52,validateCreateLoan
FN:64,validateLoanApprovals
FN:73,validateId
FNF:12
FNH:0
FNDA:0,_interopRequireDefault
FNDA:0,_classCallCheck
FNDA:0,_defineProperties
FNDA:0,_createClass
FNDA:0,(anonymous_4)
FNDA:0,Validation
FNDA:0,signupValidation
FNDA:0,signinValidation
FNDA:0,validateUserVerify
FNDA:0,validateCreateLoan
FNDA:0,validateLoanApprovals
FNDA:0,validateId
DA:3,0
DA:5,0
DA:7,0
DA:9,0
DA:11,0
DA:15,0
DA:17,0
DA:20,0
DA:24,0
DA:31,0
DA:36,0
DA:40,0
DA:45,0
DA:48,0
DA:53,0
DA:60,0
DA:65,0
DA:69,0
DA:74,0
DA:77,0
DA:81,0
DA:84,0
LF:22
LH:0
BRDA:5,0,0,0
BRDA:5,0,1,0
BRDA:5,1,0,0
BRDA:5,1,1,0
BRDA:7,2,0,0
BRDA:7,2,1,0
BRDA:9,3,0,0
BRDA:9,3,1,0
BRDA:9,4,0,0
BRDA:9,4,1,0
BRDA:11,5,0,0
BRDA:11,5,1,0
BRDA:11,6,0,0
BRDA:11,6,1,0
BRF:14
BRH:0
end_of_record
TN:
SF:C:\Users\David\Desktop\QuickCredit\build\models\loanStructure.js
FNF:0
FNH:0
DA:3,0
DA:6,0
DA:7,0
DA:30,0
DA:31,0
LF:5
LH:0
BRF:0
BRH:0
end_of_record
TN:
SF:C:\Users\David\Desktop\QuickCredit\build\models\repaymentStructure.js
FNF:0
FNH:0
DA:3,0
DA:6,0
DA:7,0
DA:16,0
DA:17,0
LF:5
LH:0
BRF:0
BRH:0
end_of_record
TN:
SF:C:\Users\David\Desktop\QuickCredit\build\models\userDataStructure.js
FNF:0
FNH:0
DA:3,0
DA:6,0
DA:7,0
DA:37,0
DA:38,0
LF:5
LH:0
BRF:0
BRH:0
end_of_record
TN:
SF:C:\Users\David\Desktop\QuickCredit\server\app.js
FN:15,(anonymous_0)
FN:21,(anonymous_1)
FN:28,(anonymous_2)
FNF:3
FNH:1
FNDA:0,(anonymous_0)
FNDA:0,(anonymous_1)
FNDA:1,(anonymous_2)
DA:5,1
DA:8,1
DA:9,1
DA:12,1
DA:15,1
DA:21,1
DA:28,1
DA:29,1
DA:32,1
LF:9
LH:9
BRDA:28,0,0,1
BRDA:28,0,1,1
BRF:2
BRH:2
end_of_record
TN:
SF:C:\Users\David\Desktop\QuickCredit\server\api-routes\user-routes.js
FN:8,(anonymous_0)
FNF:1
FNH:0
FNDA:0,(anonymous_0)
DA:6,1
DA:8,1
DA:14,1
DA:16,1
DA:18,1
DA:20,1
DA:28,1
DA:31,1
DA:34,1
DA:37,1
DA:40,1
DA:42,1
LF:12
LH:12
BRF:0
BRH:0
end_of_record
TN:
SF:C:\Users\David\Desktop\QuickCredit\server\authentication\auth.js
FN:9,(anonymous_0)
FN:13,(anonymous_1)
FN:19,(anonymous_2)
FN:25,(anonymous_3)
FN:29,(anonymous_4)
FN:50,(anonymous_5)
FNF:6
FNH:5
FNDA:1,(anonymous_0)
FNDA:2,(anonymous_1)
FNDA:4,(anonymous_2)
FNDA:1,(anonymous_3)
FNDA:5,(anonymous_4)
FNDA:0,(anonymous_5)
DA:5,1
DA:6,1
DA:10,1
DA:14,2
DA:20,4
DA:26,1
DA:30,5
DA:31,5
DA:32,4
DA:33,0
DA:34,0
DA:40,0
DA:42,5
DA:51,0
DA:52,0
DA:53,0
DA:54,0
DA:56,0
DA:57,0
DA:63,0
DA:65,0
DA:75,1
LF:22
LH:11
BRDA:33,0,0,0
BRDA:33,0,1,0
BRDA:56,1,0,0
BRDA:56,1,1,0
BRF:4
BRH:0
end_of_record
TN:
SF:C:\Users\David\Desktop\QuickCredit\server\controllers\adminHandler.js
FN:7,(anonymous_0)
FN:10,(anonymous_1)
FN:25,(anonymous_2)
FN:29,(anonymous_3)
FN:44,(anonymous_4)
FN:46,(anonymous_5)
FN:55,(anonymous_6)
FN:89,(anonymous_7)
FN:98,(anonymous_8)
FNF:9
FNH:0
FNDA:0,(anonymous_0)
FNDA:0,(anonymous_1)
FNDA:0,(anonymous_2)
FNDA:0,(anonymous_3)
FNDA:0,(anonymous_4)
FNDA:0,(anonymous_5)
FNDA:0,(anonymous_6)
FNDA:0,(anonymous_7)
FNDA:0,(anonymous_8)
DA:8,0
DA:10,0
DA:13,0
DA:14,0
DA:19,0
DA:26,0
DA:27,0
DA:28,0
DA:29,0
DA:31,0
DA:37,0
DA:45,0
DA:46,0
DA:48,0
DA:49,0
DA:55,0
DA:57,0
DA:59,0
DA:60,0
DA:67,0
DA:68,0
DA:76,0
DA:82,0
DA:90,0
DA:91,0
DA:92,0
DA:97,0
DA:98,0
DA:99,0
DA:102,0
DA:103,0
DA:104,0
DA:105,0
DA:106,0
DA:114,0
DA:115,0
DA:122,0
DA:123,0
DA:130,0
DA:131,0
DA:139,0
DA:147,0
DA:153,0
DA:161,1
LF:44
LH:1
BRDA:13,0,0,0
BRDA:13,0,1,0
BRDA:27,1,0,0
BRDA:27,1,1,0
BRDA:27,2,0,0
BRDA:27,2,1,0
BRDA:29,3,0,0
BRDA:29,3,1,0
BRDA:48,4,0,0
BRDA:48,4,1,0
BRDA:57,5,0,0
BRDA:57,5,1,0
BRDA:59,6,0,0
BRDA:59,6,1,0
BRDA:91,7,0,0
BRDA:91,7,1,0
BRDA:102,8,0,0
BRDA:102,8,1,0
BRDA:103,9,0,0
BRDA:103,9,1,0
BRDA:104,10,0,0
BRDA:104,10,1,0
BRDA:122,11,0,0
BRDA:122,11,1,0
BRDA:130,12,0,0
BRDA:130,12,1,0
BRF:26
BRH:0
end_of_record
TN:
SF:C:\Users\David\Desktop\QuickCredit\server\controllers\userHandler.js
FN:9,(anonymous_0)
FN:28,(anonymous_1)
FN:78,(anonymous_2)
FN:92,(anonymous_3)
FN:135,(anonymous_4)
FN:147,(anonymous_5)
FN:180,(anonymous_6)
FN:191,(anonymous_7)
FN:219,(anonymous_8)
FN:228,(anonymous_9)
FNF:10
FNH:4
FNDA:13,(anonymous_0)
FNDA:4,(anonymous_1)
FNDA:5,(anonymous_2)
FNDA:7,(anonymous_3)
FNDA:0,(anonymous_4)
FNDA:0,(anonymous_5)
FNDA:0,(anonymous_6)
FNDA:0,(anonymous_7)
FNDA:0,(anonymous_8)
FNDA:0,(anonymous_9)
DA:10,13
DA:12,13
DA:13,11
DA:25,2
DA:28,4
DA:29,2
DA:30,1
DA:37,1
DA:38,1
DA:39,1
DA:42,1
DA:49,1
DA:61,1
DA:63,1
DA:79,5
DA:82,5
DA:83,5
DA:84,2
DA:92,7
DA:93,3
DA:99,1
DA:101,1
DA:105,1
DA:106,1
DA:112,1
DA:127,2
DA:136,0
DA:138,0
DA:139,0
DA:140,0
DA:147,0
DA:148,0
DA:154,0
DA:155,0
DA:156,0
DA:157,0
DA:159,0
DA:171,0
DA:173,0
DA:182,0
DA:183,0
DA:184,0
DA:189,0
DA:191,0
DA:192,0
DA:193,0
DA:194,0
DA:209,0
DA:220,0
DA:221,0
DA:222,0
DA:223,0
DA:228,0
DA:229,0
DA:230,0
DA:236,0
DA:245,1
LF:57
LH:27
BRDA:12,0,0,11
BRDA:12,0,1,2
BRDA:29,1,0,1
BRDA:29,1,1,1
BRDA:83,2,0,2
BRDA:83,2,1,3
BRDA:93,3,0,1
BRDA:93,3,1,2
BRDA:105,4,0,1
BRDA:105,4,1,0
BRDA:139,5,0,0
BRDA:139,5,1,0
BRDA:147,6,0,0
BRDA:147,6,1,0
BRDA:183,7,0,0
BRDA:183,7,1,0
BRDA:192,8,0,0
BRDA:192,8,1,0
BRDA:222,9,0,0
BRDA:222,9,1,0
BRDA:229,10,0,0
BRDA:229,10,1,0
BRF:22
BRH:9
end_of_record
TN:
SF:C:\Users\David\Desktop\QuickCredit\server\middlewares\validation.js
FN:5,(anonymous_0)
FN:29,(anonymous_1)
FN:42,(anonymous_2)
FN:49,(anonymous_3)
FN:75,(anonymous_4)
FN:87,(anonymous_5)
FNF:6
FNH:2
FNDA:13,(anonymous_0)
FNDA:5,(anonymous_1)
FNDA:0,(anonymous_2)
FNDA:0,(anonymous_3)
FNDA:0,(anonymous_4)
FNDA:0,(anonymous_5)
DA:6,13
DA:26,13
DA:30,5
DA:39,5
DA:43,0
DA:46,0
DA:50,0
DA:72,0
DA:76,0
DA:84,0
DA:88,0
DA:92,0
DA:96,1
LF:13
LH:5
BRF:0
BRH:0
end_of_record
TN:
SF:C:\Users\David\Desktop\QuickCredit\server\models\loanStructure.js
FNF:0
FNH:0
DA:1,1
LF:1
LH:1
BRF:0
BRH:0
end_of_record
TN:
SF:C:\Users\David\Desktop\QuickCredit\server\models\repaymentStructure.js
FNF:0
FNH:0
DA:1,1
LF:1
LH:1
BRF:0
BRH:0
end_of_record
TN:
SF:C:\Users\David\Desktop\QuickCredit\server\models\userDataStructure.js
FNF:0
FNH:0
DA:1,1
LF:1
LH:1
BRF:0
BRH:0
end_of_record
